[2014-02-19 14:19:10] START
[2014-02-19 14:19:19] CREATE table.py: 0
[2014-02-19 14:23:13] EDIT slugzlist/models/table.py: 6
[2014-02-19 14:25:29] EDIT slugzlist/models/table.py: 0
[2014-02-19 14:25:30] EDIT slugzlist/models/table.py: 0
[2014-02-19 14:25:30] EDIT slugzlist/models/table.py: 0
[2014-02-19 14:27:16] EDIT slugzlist/controllers/default.py: 7
[2014-02-19 14:27:16] EDIT slugzlist/controllers/default.py: 0
[2014-02-19 14:27:23] EDIT slugzlist/controllers/default.py: 0
[2014-02-19 14:27:26] EDIT slugzlist/controllers/default.py: 0
[2014-02-19 14:27:27] EDIT slugzlist/controllers/default.py: 0
[2014-02-19 14:27:28] EDIT slugzlist/controllers/default.py: 0
[2014-02-19 14:28:56] EDIT slugzlist/controllers/default.py: 0
[2014-02-19 14:29:06] CREATE salesposting.html: 0
[2014-02-19 14:29:35] EDIT slugzlist/views/salesposting.html: 0
[2014-02-19 14:29:35] EDIT slugzlist/views/salesposting.html: 0
[2014-02-19 14:29:58] EDIT slugzlist/views/default/index.html: -24
[2014-02-19 14:29:59] EDIT slugzlist/views/default/index.html: 0
[2014-02-19 14:30:37] EDIT slugzlist/models/table.py: 0
[2014-02-19 14:31:06] EDIT slugzlist/models/table.py: 0
[2014-02-19 14:31:06] EDIT slugzlist/models/table.py: 0
[2014-02-19 14:33:57] EDIT slugzlist/controllers/default.py: 0
[2014-02-19 14:35:44] EDIT slugzlist/controllers/default.py: -3
[2014-02-19 14:35:49] EDIT slugzlist/controllers/default.py: 0
[2014-02-19 14:35:50] EDIT slugzlist/controllers/default.py: 0
[2014-02-19 14:36:59] EDIT slugzlist/views/default/index.html: 0
[2014-02-19 14:37:00] EDIT slugzlist/views/default/index.html: 0
[2014-02-22 19:27:20] EDIT slugzlist/views/default/index.html: 1
[2014-02-22 19:32:44] EDIT slugzlist/views/default/index.html: 0
[2014-02-22 19:32:58] EDIT slugzlist/views/default/index.html: 0
[2014-02-22 19:33:21] EDIT slugzlist/views/default/index.html: -1
[2014-02-22 19:36:03] EDIT slugzlist/views/default/index.html: 4
[2014-02-22 19:36:51] EDIT slugzlist/views/default/index.html: 0
[2014-02-22 19:37:15] EDIT slugzlist/views/default/index.html: 0
[2014-02-22 19:37:16] EDIT slugzlist/views/default/index.html: 0
[2014-02-22 19:39:42] EDIT slugzlist/views/default/index.html: 0
[2014-02-22 19:40:17] EDIT slugzlist/views/default/index.html: 3
[2014-02-22 19:40:43] EDIT slugzlist/views/default/index.html: 2
[2014-02-22 19:40:44] EDIT slugzlist/views/default/index.html: 0
[2014-02-22 19:41:01] EDIT slugzlist/views/default/index.html: 0
[2014-02-22 19:41:02] EDIT slugzlist/views/default/index.html: 0
[2014-02-22 19:43:03] CREATE view_posting.html: 0
[2014-02-22 19:56:16] CREATE Major_Books.html: 0
[2014-02-22 19:57:45] EDIT slugzlist/controllers/default.py: 1
[2014-02-22 19:58:49] EDIT slugzlist/controllers/default.py: 0
[2014-02-22 19:59:19] EDIT slugzlist/controllers/default.py: 1
[2014-02-22 20:04:54] EDIT slugzlist/controllers/default.py: 1
[2014-02-22 20:05:37] EDIT slugzlist/views/Major_Books.html: -1
[2014-02-22 20:05:38] EDIT slugzlist/views/Major_Books.html: 0
[2014-02-22 20:06:22] EDIT slugzlist/views/default/index.html: 0
[2014-02-22 20:06:22] EDIT slugzlist/views/default/index.html: 0
[2014-02-22 20:07:45] EDIT slugzlist/controllers/default.py: 0
[2014-02-22 20:07:46] EDIT slugzlist/controllers/default.py: 0
[2014-02-22 20:08:13] EDIT slugzlist/views/Major_Books.html: 0
[2014-02-22 20:12:07] EDIT slugzlist/controllers/default.py: 2
[2014-02-22 20:12:08] EDIT slugzlist/controllers/default.py: 0
[2014-02-22 20:19:57] EDIT slugzlist/controllers/default.py: 0
[2014-02-22 20:19:58] EDIT slugzlist/controllers/default.py: 0
[2014-02-22 20:19:58] EDIT slugzlist/controllers/default.py: 0
[2014-02-27 16:11:17] EDIT slugzlist/models/menu.py: -2
[2014-02-27 16:11:34] EDIT slugzlist/models/menu.py: 0
[2014-02-27 16:11:50] EDIT slugzlist/models/menu.py: -1
[2014-02-27 16:11:58] EDIT slugzlist/models/menu.py: 1
[2014-02-27 16:13:08] EDIT slugzlist/models/menu.py: 0
[2014-02-27 16:13:09] EDIT slugzlist/models/menu.py: 0
[2014-02-27 16:20:01] EDIT slugzlist/models/table.py: 0
[2014-02-27 16:20:41] EDIT slugzlist/models/table.py: 2
[2014-02-27 16:20:47] EDIT slugzlist/models/table.py: 0
[2014-02-27 16:21:05] EDIT slugzlist/models/table.py: 0
[2014-02-27 16:21:19] EDIT slugzlist/models/table.py: -1
[2014-02-27 16:27:40] EDIT slugzlist/models/table.py: 0
[2014-02-27 16:29:23] EDIT slugzlist/models/table.py: 3
[2014-02-27 16:29:33] EDIT slugzlist/models/table.py: 0
[2014-02-27 16:31:51] EDIT slugzlist/models/table.py: 36
[2014-02-27 16:32:12] EDIT slugzlist/models/table.py: 0
[2014-02-27 16:34:07] EDIT slugzlist/models/table.py: -35
[2014-02-27 16:34:16] EDIT slugzlist/models/table.py: 0
[2014-02-27 16:35:24] EDIT slugzlist/models/table.py: 5
[2014-02-27 16:49:20] EDIT slugzlist/models/table.py: 0
[2014-02-27 19:22:30] EDIT slugzlist/models/table.py: 0
[2014-02-27 19:24:15] CREATE Select_Subject.html: 0
[2014-02-27 19:24:58] EDIT slugzlist/views/default/index.html: -1
[2014-02-27 19:27:24] EDIT slugzlist/views/Select_Subject.html: 18
[2014-02-27 19:31:35] EDIT slugzlist/views/Select_Subject.html: 0
[2014-02-27 19:32:19] EDIT slugzlist/controllers/default.py: 2
[2014-02-27 19:33:11] EDIT slugzlist/views/Select_Subject.html: 0
[2014-02-27 19:34:35] EDIT slugzlist/views/default/index.html: 0
[2014-02-27 19:34:36] EDIT slugzlist/views/default/index.html: 0
[2014-02-27 19:35:43] EDIT slugzlist/views/default/index.html: 0
[2014-02-27 19:38:19] EDIT slugzlist/views/Major_Books.html: 0
[2014-02-28 15:45:18] EDIT slugzlist/controllers/default.py: -1
[2014-02-28 15:46:05] EDIT slugzlist/views/default/index.html: 0
[2014-02-28 15:46:27] CREATE select_choice.html: 0
[2014-02-28 15:46:54] EDIT slugzlist/views/select_choice.html: 18
[2014-02-28 15:51:39] CREATE view_choice_page.html: 0
[2014-02-28 15:52:15] EDIT slugzlist/views/view_choice_page.html: 18
[2014-02-28 15:52:32] EDIT slugzlist/views/default/index.html: 0
[2014-02-28 15:52:33] EDIT slugzlist/views/default/index.html: 0
[2014-02-28 15:52:34] EDIT slugzlist/views/default/index.html: 0
[2014-02-28 15:52:55] EDIT slugzlist/views/view_choice_page.html: 0
[2014-02-28 15:53:37] EDIT slugzlist/views/view_choice_page.html: 0
[2014-02-28 15:54:28] EDIT slugzlist/controllers/default.py: 1
[2014-02-28 15:54:29] EDIT slugzlist/controllers/default.py: 0
[2014-02-28 15:54:48] EDIT slugzlist/views/view_choice_page.html: 0
[2014-02-28 15:54:59] EDIT slugzlist/views/view_choice_page.html: -5
[2014-02-28 15:55:01] EDIT slugzlist/views/view_choice_page.html: 0
[2014-02-28 15:56:43] DELETE slugzlist/views/Select_Subject.html: -21
[2014-02-28 15:56:49] DELETE slugzlist/views/select_choice.html: -21
[2014-02-28 15:57:57] EDIT slugzlist/views/default/index.html: 1
[2014-02-28 15:59:15] EDIT slugzlist/views/default/index.html: 0
[2014-02-28 16:00:08] EDIT slugzlist/views/view_choice_page.html: -12
[2014-02-28 16:01:10] EDIT slugzlist/controllers/default.py: -1
[2014-02-28 16:01:11] EDIT slugzlist/controllers/default.py: 0
[2014-02-28 16:01:42] EDIT slugzlist/views/salesposting.html: -1
[2014-02-28 16:02:50] DELETE slugzlist/views/view_choice_page.html: -4
[2014-02-28 16:02:57] CREATE intermediatepage.html: 0
[2014-02-28 16:03:17] EDIT slugzlist/views/intermediatepage.html: 1
[2014-02-28 16:03:27] EDIT slugzlist/views/default/index.html: 0
[2014-02-28 16:03:29] EDIT slugzlist/views/default/index.html: 0
[2014-02-28 16:11:13] EDIT slugzlist/controllers/default.py: 1
[2014-02-28 16:11:25] EDIT slugzlist/controllers/default.py: 0
[2014-02-28 16:11:26] EDIT slugzlist/controllers/default.py: 0
[2014-02-28 16:11:27] EDIT slugzlist/controllers/default.py: 0
[2014-02-28 16:11:42] EDIT slugzlist/views/intermediatepage.html: 1
[2014-02-28 16:12:11] EDIT slugzlist/views/default/index.html: 1
[2014-02-28 16:21:43] EDIT slugzlist/views/intermediatepage.html: 1
[2014-02-28 16:21:57] EDIT slugzlist/views/intermediatepage.html: 2
[2014-02-28 16:22:09] EDIT slugzlist/views/intermediatepage.html: 1
[2014-02-28 16:22:10] EDIT slugzlist/views/intermediatepage.html: 0
[2014-02-28 16:23:18] CREATE intermediate_page.html: 0
[2014-02-28 16:23:39] EDIT slugzlist/views/default/index.html: 0
[2014-02-28 16:24:02] EDIT slugzlist/views/intermediate_page.html: 1
[2014-02-28 16:27:58] EDIT slugzlist/views/intermediate_page.html: 3
[2014-02-28 16:28:16] EDIT slugzlist/controllers/default.py: 0
[2014-02-28 16:28:17] EDIT slugzlist/controllers/default.py: 0
[2014-02-28 16:29:31] EDIT slugzlist/views/default/index.html: 0
[2014-02-28 16:30:26] EDIT slugzlist/controllers/default.py: 1
[2014-02-28 16:30:36] EDIT slugzlist/controllers/default.py: 0
[2014-02-28 16:30:57] EDIT slugzlist/views/intermediate_page.html: 0
[2014-02-28 16:31:15] EDIT slugzlist/views/intermediate_page.html: 3
[2014-02-28 16:50:53] EDIT slugzlist/views/intermediate_page.html: -6
[2014-02-28 16:51:09] EDIT slugzlist/views/default/index.html: 0
[2014-02-28 16:51:47] EDIT slugzlist/views/default/index.html: 0
[2014-02-28 16:51:51] EDIT slugzlist/views/default/index.html: 0
[2014-03-03 00:14:46] EDIT slugzlist/views/default/index.html: -1
[2014-03-03 00:17:09] EDIT slugzlist/models/table.py: 10
[2014-03-03 00:18:43] EDIT slugzlist/controllers/default.py: 7
[2014-03-03 00:18:44] EDIT slugzlist/controllers/default.py: 0
[2014-03-03 00:19:19] EDIT slugzlist/controllers/default.py: 0
[2014-03-03 00:19:42] CREATE arts_page.html: 0
[2014-03-03 00:20:24] EDIT slugzlist/views/arts_page.html: -1
[2014-03-03 00:20:25] EDIT slugzlist/views/arts_page.html: 0
[2014-03-03 00:20:41] CREATE salesposting_arts.html: 0
[2014-03-03 00:20:55] EDIT slugzlist/views/salesposting_arts.html: -1
[2014-03-03 00:20:57] EDIT slugzlist/views/salesposting_arts.html: 0
[2014-03-03 00:21:51] EDIT slugzlist/views/arts_page.html: 4
[2014-03-03 00:21:55] EDIT slugzlist/views/default/index.html: 0
[2014-03-03 00:21:56] EDIT slugzlist/views/default/index.html: 0
[2014-03-03 00:22:58] EDIT slugzlist/controllers/default.py: 0
[2014-03-03 00:23:00] EDIT slugzlist/controllers/default.py: 0
[2014-03-03 00:54:24] EDIT slugzlist/views/arts_page.html: 0
[2014-03-03 00:54:25] EDIT slugzlist/views/arts_page.html: 0
[2014-03-03 00:54:46] EDIT slugzlist/views/arts_page.html: 0
[2014-03-03 00:54:46] EDIT slugzlist/views/arts_page.html: 0
[2014-03-03 00:54:46] EDIT slugzlist/views/arts_page.html: 0
[2014-03-03 00:55:00] EDIT slugzlist/views/arts_page.html: -1
[2014-03-03 00:59:06] CREATE default/arts_page.html: 0
[2014-03-03 00:59:12] DELETE slugzlist/views/arts_page.html: -5
[2014-03-03 00:59:23] EDIT slugzlist/views/default/arts_page.html: 7
[2014-03-03 00:59:23] EDIT slugzlist/views/default/arts_page.html: 0
[2014-03-03 14:06:22] EDIT slugzlist/views/default/arts_page.html: -2
[2014-03-03 14:06:55] EDIT slugzlist/controllers/default.py: 0
[2014-03-03 14:07:10] EDIT slugzlist/controllers/default.py: 0
[2014-03-03 14:07:11] EDIT slugzlist/controllers/default.py: 0
[2014-03-03 14:07:21] EDIT slugzlist/views/default/arts_page.html: 0
[2014-03-03 14:07:59] EDIT slugzlist/views/default/arts_page.html: 0
[2014-03-03 14:08:51] EDIT slugzlist/views/default/arts_page.html: 1
[2014-03-03 14:08:53] EDIT slugzlist/views/default/arts_page.html: 0
[2014-03-03 14:10:28] EDIT slugzlist/models/table.py: 10
[2014-03-03 14:10:28] EDIT slugzlist/models/table.py: 0
[2014-03-03 14:12:38] EDIT slugzlist/controllers/default.py: 10
[2014-03-03 14:12:38] EDIT slugzlist/controllers/default.py: 0
[2014-03-03 14:13:00] CREATE default/bme_page.html: 0
[2014-03-03 14:14:42] EDIT slugzlist/views/default/bme_page.html: 3
[2014-03-03 14:15:08] CREATE default/salesposting_bme.html: 0
[2014-03-03 14:15:16] EDIT slugzlist/views/default/bme_page.html: 0
[2014-03-03 14:15:36] EDIT slugzlist/views/default/index.html: 1
[2014-03-03 14:15:41] EDIT slugzlist/views/default/index.html: 0
[2014-03-03 14:16:21] EDIT slugzlist/views/default/bme_page.html: 1
[2014-03-03 14:16:34] EDIT slugzlist/views/default/bme_page.html: 0
[2014-03-03 14:18:07] EDIT slugzlist/views/default/index.html: 2
[2014-03-03 14:18:55] EDIT slugzlist/models/table.py: 20
[2014-03-03 14:18:56] EDIT slugzlist/models/table.py: 0
[2014-03-03 14:19:55] EDIT slugzlist/controllers/default.py: 10
[2014-03-03 14:19:57] EDIT slugzlist/controllers/default.py: 0
[2014-03-03 14:20:24] EDIT slugzlist/controllers/default.py: 10
[2014-03-03 14:20:51] CREATE default/cs_page.html: 0
[2014-03-03 14:21:09] CREATE default/salesposting_cs.html: 0
[2014-03-03 14:21:28] CREATE default/ce_page.html: 0
[2014-03-03 14:21:37] CREATE default/salesposting_ce.html: 0
[2014-03-03 14:22:17] EDIT slugzlist/controllers/default.py: 0
[2014-03-03 14:22:36] EDIT slugzlist/controllers/default.py: 0
[2014-03-03 14:23:02] EDIT slugzlist/views/default/cs_page.html: -1
[2014-03-03 14:23:43] EDIT slugzlist/views/default/cs_page.html: 5
[2014-03-03 14:24:19] EDIT slugzlist/views/default/salesposting_cs.html: -1
[2014-03-03 14:25:02] EDIT slugzlist/views/default/salesposting_ce.html: 4
[2014-03-03 14:25:44] EDIT slugzlist/controllers/default.py: 0
[2014-03-03 14:25:45] EDIT slugzlist/controllers/default.py: 0
[2014-03-03 14:25:45] EDIT slugzlist/controllers/default.py: 0
[2014-03-03 14:26:04] EDIT slugzlist/views/default/salesposting_ce.html: 0
[2014-03-03 14:26:09] EDIT slugzlist/views/default/salesposting_ce.html: 0
[2014-03-03 14:26:50] EDIT slugzlist/controllers/default.py: 0
[2014-03-03 14:26:50] EDIT slugzlist/controllers/default.py: 0
[2014-03-03 14:27:00] EDIT slugzlist/controllers/default.py: 0
[2014-03-03 14:27:00] EDIT slugzlist/controllers/default.py: 0
[2014-03-03 14:28:32] EDIT slugzlist/views/default/salesposting_ce.html: -5
[2014-03-03 14:28:32] EDIT slugzlist/views/default/salesposting_ce.html: 0
[2014-03-03 14:28:42] EDIT slugzlist/views/default/ce_page.html: 4
[2014-03-03 14:31:55] EDIT slugzlist/views/default/index.html: 3
[2014-03-03 17:45:51] EDIT slugzlist/views/default/index.html: 0
[2014-03-03 17:50:43] EDIT slugzlist/views/default/index.html: 0
[2014-03-03 17:52:34] EDIT slugzlist/views/default/index.html: 0
[2014-03-03 17:54:46] EDIT slugzlist/models/table.py: 4
[2014-03-03 17:54:54] EDIT slugzlist/models/table.py: 0
[2014-03-03 17:54:54] EDIT slugzlist/models/table.py: 0
[2014-03-03 17:55:10] EDIT slugzlist/controllers/default.py: 1
[2014-03-03 18:05:56] EDIT slugzlist/controllers/default.py: 0
[2014-03-03 18:05:57] EDIT slugzlist/controllers/default.py: 0
[2014-03-03 18:05:58] EDIT slugzlist/controllers/default.py: 0
[2014-03-03 18:05:58] EDIT slugzlist/controllers/default.py: 0
[2014-03-03 18:06:01] EDIT slugzlist/controllers/default.py: 0
[2014-03-03 18:06:02] EDIT slugzlist/controllers/default.py: 0
[2014-03-03 18:06:02] EDIT slugzlist/controllers/default.py: 0
[2014-03-03 18:06:03] EDIT slugzlist/controllers/default.py: 0
[2014-03-03 18:06:03] EDIT slugzlist/controllers/default.py: 0
[2014-03-03 18:06:03] EDIT slugzlist/controllers/default.py: 0
[2014-03-03 18:07:03] EDIT slugzlist/views/default/index.html: 2
[2014-03-03 18:07:03] EDIT slugzlist/views/default/index.html: 0
[2014-03-03 18:07:30] EDIT slugzlist/views/default/index.html: -2
[2014-03-03 18:09:10] EDIT slugzlist/models/table.py: 0
[2014-03-03 18:09:10] EDIT slugzlist/models/table.py: 0
[2014-03-03 18:17:28] EDIT slugzlist/models/table.py: 230
[2014-03-03 18:18:20] EDIT slugzlist/models/table.py: 0
[2014-03-03 18:18:20] EDIT slugzlist/models/table.py: 0
[2014-03-03 18:18:41] EDIT slugzlist/models/table.py: 0
[2014-03-03 18:18:42] EDIT slugzlist/models/table.py: 0
[2014-03-03 18:22:12] EDIT slugzlist/controllers/default.py: 10
[2014-03-03 18:54:33] EDIT slugzlist/controllers/default.py: 230
[2014-03-03 18:54:34] EDIT slugzlist/controllers/default.py: 0
[2014-03-03 18:56:44] EDIT slugzlist/controllers/default.py: -70
[2014-03-03 18:56:44] EDIT slugzlist/controllers/default.py: 0
[2014-03-03 18:56:44] EDIT slugzlist/controllers/default.py: 0
[2014-03-03 18:56:45] EDIT slugzlist/controllers/default.py: 0
[2014-03-03 18:56:45] EDIT slugzlist/controllers/default.py: 0
[2014-03-03 18:56:45] EDIT slugzlist/controllers/default.py: 0
[2014-03-03 18:56:45] EDIT slugzlist/controllers/default.py: 0
[2014-03-03 18:56:45] EDIT slugzlist/controllers/default.py: 0
[2014-03-03 18:56:46] EDIT slugzlist/controllers/default.py: 0
[2014-03-03 18:56:46] EDIT slugzlist/controllers/default.py: 0
[2014-03-03 18:56:46] EDIT slugzlist/controllers/default.py: 0
[2014-03-03 18:56:47] EDIT slugzlist/controllers/default.py: 0
[2014-03-03 18:56:47] EDIT slugzlist/controllers/default.py: 0
[2014-03-03 18:57:02] EDIT slugzlist/models/table.py: 0
[2014-03-03 18:57:02] EDIT slugzlist/models/table.py: 0
[2014-03-03 18:57:02] EDIT slugzlist/models/table.py: 0
[2014-03-03 18:57:57] CREATE default/salesposting_anthro.html: 0
[2014-03-03 18:58:15] CREATE default/anthro_page.html: 0
[2014-03-03 18:59:06] CREATE default/salesposting_biochem.html: 0
[2014-03-03 18:59:16] CREATE default/biochem_page.html: 0
[2014-03-03 18:59:53] CREATE default/salesposting_bio.html: 0
[2014-03-03 19:00:08] CREATE default/bio_page.html: 0
[2014-03-03 19:00:27] CREATE default/salesposting_chem.html: 0
[2014-03-03 19:00:42] CREATE default/chem_page.html: 0
[2014-03-03 19:01:00] CREATE default/salesposting_earth.html: 0
[2014-03-03 19:01:10] CREATE default/earth_page.html: 0
[2014-03-03 19:01:22] CREATE default/salesposting_econ.html: 0
[2014-03-03 19:01:34] CREATE default/econ_page.html: 0
[2014-03-03 19:01:48] CREATE default/salesposting_edu.html: 0
[2014-03-03 19:02:00] CREATE default/edu_page.html: 0
[2014-03-03 19:02:14] CREATE default/salesposting_envs.html: 0
[2014-03-03 19:02:26] CREATE default/envs_page.html: 0
[2014-03-03 19:03:29] EDIT slugzlist/views/default/anthro_page.html: 0
[2014-03-03 19:04:08] EDIT slugzlist/views/default/bio_page.html: 0
[2014-03-03 19:06:01] EDIT slugzlist/views/default/biochem_page.html: 0
[2014-03-03 19:07:24] EDIT slugzlist/views/default/chem_page.html: 0
[2014-03-03 19:08:56] EDIT slugzlist/views/default/earth_page.html: 0
[2014-03-03 19:09:27] EDIT slugzlist/views/default/econ_page.html: 0
[2014-03-03 19:09:53] EDIT slugzlist/views/default/edu_page.html: 0
[2014-03-03 19:11:06] EDIT slugzlist/views/default/envs_page.html: 0
[2014-03-03 19:11:50] EDIT slugzlist/views/default/salesposting_anthro.html: 0
[2014-03-03 19:11:54] EDIT slugzlist/views/default/salesposting_anthro.html: 0
[2014-03-03 19:11:55] EDIT slugzlist/views/default/salesposting_anthro.html: 0
[2014-03-03 19:12:15] EDIT slugzlist/views/default/salesposting_anthro.html: 0
[2014-03-03 19:12:32] EDIT slugzlist/views/default/salesposting_anthro.html: 0
[2014-03-03 19:12:32] EDIT slugzlist/views/default/salesposting_anthro.html: 0
[2014-03-03 19:12:32] EDIT slugzlist/views/default/salesposting_anthro.html: 0
[2014-03-03 19:12:33] EDIT slugzlist/views/default/salesposting_anthro.html: 0
[2014-03-03 19:13:06] EDIT slugzlist/views/default/salesposting_bio.html: 0
[2014-03-03 19:13:06] EDIT slugzlist/views/default/salesposting_bio.html: 0
[2014-03-03 19:14:24] EDIT slugzlist/views/default/salesposting_biochem.html: 0
[2014-03-03 19:15:09] EDIT slugzlist/views/default/salesposting_chem.html: 0
[2014-03-03 19:15:54] EDIT slugzlist/views/default/salesposting_earth.html: 0
[2014-03-03 19:16:17] EDIT slugzlist/views/default/salesposting_econ.html: 0
[2014-03-03 19:16:52] EDIT slugzlist/views/default/salesposting_edu.html: 0
[2014-03-03 19:17:31] EDIT slugzlist/views/default/salesposting_envs.html: 0
[2014-03-03 19:19:30] EDIT slugzlist/views/default/index.html: 2
[2014-03-03 19:20:44] EDIT slugzlist/views/default/index.html: 1
[2014-03-03 19:21:26] EDIT slugzlist/views/default/index.html: 2
[2014-03-03 19:21:27] EDIT slugzlist/views/default/index.html: 0
[2014-03-03 19:21:49] EDIT slugzlist/views/default/index.html: 1
[2014-03-03 19:22:05] EDIT slugzlist/views/default/index.html: 2
[2014-03-03 19:22:21] EDIT slugzlist/views/default/index.html: -1
[2014-03-03 19:22:21] EDIT slugzlist/views/default/index.html: 0
[2014-03-03 19:23:28] EDIT slugzlist/views/default/salesposting_cs.html: 5
[2014-03-03 19:23:46] EDIT slugzlist/views/default/salesposting_cs.html: -1
[2014-03-03 19:23:46] EDIT slugzlist/views/default/salesposting_cs.html: 0
[2014-03-03 19:24:48] EDIT slugzlist/views/default/salesposting_cs.html: 0
[2014-03-03 19:25:13] EDIT slugzlist/views/default/cs_page.html: 0
[2014-03-03 19:25:13] EDIT slugzlist/views/default/cs_page.html: 0
[2014-03-03 19:27:40] EDIT slugzlist/views/default/salesposting_anthro.html: 4
[2014-03-03 19:28:03] EDIT slugzlist/views/default/salesposting_anthro.html: -4
[2014-03-03 19:28:12] EDIT slugzlist/views/default/anthro_page.html: 4
[2014-03-03 19:28:12] EDIT slugzlist/views/default/anthro_page.html: 0
[2014-03-03 19:29:49] EDIT slugzlist/views/default/bio_page.html: 4
[2014-03-03 19:30:00] EDIT slugzlist/views/default/anthro_page.html: 0
[2014-03-03 19:30:53] EDIT slugzlist/views/default/biochem_page.html: 4
[2014-03-03 19:31:19] EDIT slugzlist/views/default/chem_page.html: 4
[2014-03-03 19:31:42] EDIT slugzlist/views/default/earth_page.html: 4
[2014-03-03 19:31:59] EDIT slugzlist/views/default/econ_page.html: 4
[2014-03-03 19:32:18] EDIT slugzlist/views/default/edu_page.html: 4
[2014-03-03 19:32:38] EDIT slugzlist/views/default/envs_page.html: 4
[2014-03-03 19:37:11] CREATE default/salesposting_film.html: 0
[2014-03-03 19:37:27] CREATE default/film_page.html: 0
[2014-03-03 19:37:43] CREATE default/salesposting_hist.html: 0
[2014-03-03 19:38:26] CREATE default/hist_page.html: 0
[2014-03-03 19:39:21] CREATE default/salesposting_havc.html: 0
[2014-03-03 19:39:33] CREATE default/havc_page.html: 0
[2014-03-03 19:39:59] CREATE default/salesposting_ling.html: 0
[2014-03-03 19:40:12] CREATE default/ling_page.html: 0
[2014-03-03 19:40:24] CREATE default/salesposting_lit.html: 0
[2014-03-03 19:40:35] CREATE default/lit_page.html: 0
[2014-03-03 19:40:51] CREATE default/salesposting_marine.html: 0
[2014-03-03 19:41:00] CREATE default/marine_page.html: 0
[2014-03-03 19:41:13] CREATE default/salesposting_math.html: 0
[2014-03-03 19:41:22] CREATE default/math_page.html: 0
[2014-03-03 19:41:36] CREATE default/salesposting_music.html: 0
[2014-03-03 19:41:47] CREATE default/music_page.html: 0
[2014-03-03 19:42:04] CREATE default/salesposting_phil.html: 0
[2014-03-03 19:42:12] CREATE default/phil_page.html: 0
[2014-03-03 19:42:27] CREATE default/salesposting_physics.html: 0
[2014-03-03 19:43:00] CREATE default/physics_page.html: 0
[2014-03-03 19:54:51] EDIT slugzlist/controllers/default.py: 70
[2014-03-03 19:54:59] EDIT slugzlist/models/table.py: 0
[2014-03-03 19:55:05] EDIT slugzlist/models/table.py: 0
[2014-03-03 19:55:53] CREATE default/salesposting_politics.html: 0
[2014-03-03 19:56:02] CREATE default/polictics_page.html: 0
[2014-03-03 19:56:38] CREATE default/salesposting_psych.html: 0
[2014-03-03 19:56:47] CREATE default/psych_page.html: 0
[2014-03-03 19:57:19] CREATE default/salesposting_socio.html: 0
[2014-03-03 19:57:34] CREATE default/socio_page.html: 0
[2014-03-03 19:57:52] CREATE default/salesposting_tim.html: 0
[2014-03-03 19:58:01] CREATE default/tim_page.html: 0
[2014-03-03 19:58:12] CREATE default/salesposting_writing.html: 0
[2014-03-03 19:58:29] CREATE default/writing_page.html: 0
[2014-03-03 19:58:43] CREATE default/salesposting_misc.html: 0
[2014-03-03 19:58:50] CREATE default/misc_page.html: 0
[2014-03-03 19:59:14] CREATE default/salesposting_lals.html: 0
[2014-03-03 19:59:30] CREATE default/lals_page.html: 0
[2014-03-03 19:59:37] EDIT slugzlist/controllers/default.py: 0
[2014-03-03 19:59:39] EDIT slugzlist/controllers/default.py: 0
[2014-03-03 19:59:40] EDIT slugzlist/controllers/default.py: 0
[2014-03-03 19:59:42] EDIT slugzlist/models/table.py: 0
[2014-03-03 19:59:44] EDIT slugzlist/models/table.py: 0
[2014-03-03 19:59:49] EDIT slugzlist/models/table.py: 0
[2014-03-03 19:59:54] EDIT slugzlist/controllers/default.py: 0
[2014-03-03 19:59:54] EDIT slugzlist/controllers/default.py: 0
[2014-03-03 19:59:55] EDIT slugzlist/controllers/default.py: 0
[2014-03-03 19:59:56] EDIT slugzlist/controllers/default.py: 0
[2014-03-05 18:50:25] EDIT slugzlist/views/default/film_page.html: 4
[2014-03-05 18:50:40] EDIT slugzlist/views/default/film_page.html: 0
[2014-03-05 18:52:00] EDIT slugzlist/views/default/havc_page.html: 4
[2014-03-05 18:52:16] EDIT slugzlist/views/default/havc_page.html: 0
[2014-03-05 18:53:12] EDIT slugzlist/views/default/hist_page.html: 4
[2014-03-05 18:54:02] EDIT slugzlist/views/default/ling_page.html: 4
[2014-03-05 18:54:58] EDIT slugzlist/views/default/lit_page.html: 4
[2014-03-05 18:55:43] EDIT slugzlist/views/default/marine_page.html: 4
[2014-03-05 18:56:26] EDIT slugzlist/views/default/math_page.html: 4
[2014-03-05 18:56:53] EDIT slugzlist/views/default/misc_page.html: 4
[2014-03-05 18:57:35] EDIT slugzlist/views/default/music_page.html: 4
[2014-03-05 18:58:52] EDIT slugzlist/views/default/phil_page.html: 4
[2014-03-05 18:59:55] EDIT slugzlist/views/default/physics_page.html: 4
[2014-03-05 19:01:57] EDIT slugzlist/views/default/polictics_page.html: 4
[2014-03-05 19:02:37] EDIT slugzlist/views/default/psych_page.html: 4
[2014-03-05 19:03:56] EDIT slugzlist/views/default/socio_page.html: 4
[2014-03-05 19:03:58] EDIT slugzlist/views/default/socio_page.html: 0
[2014-03-05 19:04:40] EDIT slugzlist/views/default/tim_page.html: 4
[2014-03-05 19:05:15] EDIT slugzlist/views/default/writing_page.html: 4
[2014-03-05 19:06:26] EDIT slugzlist/views/default/misc_page.html: 0
[2014-03-05 19:06:54] EDIT slugzlist/views/default/misc_page.html: 0
[2014-03-05 19:08:02] EDIT slugzlist/views/default/lals_page.html: 4
[2014-03-05 19:08:55] EDIT slugzlist/views/default/salesposting_film.html: 0
[2014-03-05 19:09:26] EDIT slugzlist/views/default/salesposting_havc.html: 0
[2014-03-05 19:09:44] EDIT slugzlist/views/default/salesposting_hist.html: 0
[2014-03-05 19:10:06] EDIT slugzlist/views/default/salesposting_lals.html: 0
[2014-03-05 19:10:39] EDIT slugzlist/views/default/salesposting_ling.html: 0
[2014-03-05 19:11:19] EDIT slugzlist/views/default/salesposting_lit.html: 0
[2014-03-05 19:11:58] EDIT slugzlist/views/default/salesposting_marine.html: 0
[2014-03-05 19:12:23] EDIT slugzlist/views/default/salesposting_math.html: 0
[2014-03-05 19:12:47] EDIT slugzlist/views/default/salesposting_music.html: 0
[2014-03-05 19:13:47] EDIT slugzlist/views/default/salesposting_phil.html: 0
[2014-03-05 19:14:11] EDIT slugzlist/views/default/salesposting_physics.html: 0
[2014-03-05 19:14:33] EDIT slugzlist/views/default/salesposting_politics.html: 0
[2014-03-05 19:14:58] EDIT slugzlist/views/default/salesposting_psych.html: 0
[2014-03-05 19:15:20] EDIT slugzlist/views/default/salesposting_socio.html: 0
[2014-03-05 19:15:46] EDIT slugzlist/views/default/salesposting_tim.html: 0
[2014-03-05 19:16:07] EDIT slugzlist/views/default/salesposting_writing.html: 0
[2014-03-05 19:16:41] EDIT slugzlist/views/default/salesposting_misc.html: 0
[2014-03-05 19:19:46] DELETE slugzlist/views/default/polictics_page.html: -7
[2014-03-05 19:20:01] CREATE default/politics_page.html: 0
[2014-03-05 19:20:14] EDIT slugzlist/views/default/politics_page.html: 4
[2014-03-05 19:29:42] EDIT slugzlist/views/default/index.html: 21
[2014-03-05 19:29:44] EDIT slugzlist/views/default/index.html: 0
[2014-03-05 19:32:02] EDIT slugzlist/views/default/index.html: 22
[2014-03-05 19:42:40] EDIT slugzlist/models/table.py: -56
[2014-03-05 19:46:11] EDIT slugzlist/views/default/index.html: 3
[2014-03-05 19:47:14] EDIT slugzlist/views/default/index.html: 0
[2014-03-05 19:47:14] EDIT slugzlist/views/default/index.html: 0
[2014-03-05 19:47:25] EDIT slugzlist/views/default/index.html: 0
[2014-03-05 19:47:52] EDIT slugzlist/views/default/index.html: -3
[2014-03-05 19:51:15] EDIT slugzlist/views/default/lals_page.html: 0
[2014-03-05 19:52:24] EDIT slugzlist/controllers/default.py: 0
[2014-03-05 19:52:54] EDIT slugzlist/views/default/earth_page.html: 0
[2014-03-05 19:53:59] EDIT slugzlist/views/default/index.html: 0
[2014-03-05 19:54:01] EDIT slugzlist/views/default/index.html: 0
[2014-03-05 19:56:09] EDIT slugzlist/views/default/index.html: 0
[2014-03-05 19:56:40] EDIT slugzlist/views/default/index.html: 0
[2014-03-05 19:57:59] EDIT slugzlist/views/default/index.html: 0
[2014-03-05 20:00:31] EDIT slugzlist/views/default/index.html: 0
[2014-03-05 20:00:33] EDIT slugzlist/views/default/index.html: 0
[2014-03-05 20:01:10] EDIT slugzlist/views/default/salesposting_havc.html: 0
[2014-03-05 20:01:35] EDIT slugzlist/views/default/havc_page.html: 0
[2014-03-05 20:02:23] EDIT slugzlist/views/default/index.html: 0
[2014-03-05 20:02:25] EDIT slugzlist/views/default/index.html: 0
[2014-03-05 20:07:09] EDIT slugzlist/views/default/index.html: 1
[2014-03-05 20:08:31] EDIT slugzlist/views/default/index.html: 2
[2014-03-05 20:09:26] EDIT slugzlist/views/default/index.html: -2
[2014-03-05 20:10:33] EDIT slugzlist/controllers/default.py: 8
[2014-03-05 20:10:34] EDIT slugzlist/controllers/default.py: 0
[2014-03-05 20:38:30] EDIT slugzlist/controllers/default.py: 0
[2014-03-05 20:39:37] EDIT slugzlist/views/default/index.html: 2
[2014-03-05 20:39:50] EDIT slugzlist/views/default/index.html: 0
[2014-03-05 20:39:51] EDIT slugzlist/views/default/index.html: 0
[2014-03-05 20:40:21] EDIT slugzlist/views/default/index.html: 0
[2014-03-05 20:41:42] EDIT slugzlist/views/default/index.html: 3
[2014-03-05 20:43:19] EDIT slugzlist/views/default/index.html: 1
[2014-03-05 20:43:36] EDIT slugzlist/views/default/index.html: 0
[2014-03-05 20:45:10] EDIT slugzlist/views/default/index.html: 0
[2014-03-05 20:45:22] EDIT slugzlist/views/default/index.html: -1
[2014-03-05 20:45:52] EDIT slugzlist/views/default/index.html: 0
[2014-03-05 20:46:40] EDIT slugzlist/views/default/index.html: 2
[2014-03-05 20:46:48] EDIT slugzlist/views/default/index.html: 0
[2014-03-05 20:47:04] EDIT slugzlist/views/default/index.html: 0
[2014-03-05 20:47:16] EDIT slugzlist/views/default/index.html: 0
[2014-03-05 20:55:14] EDIT slugzlist/models/table.py: 0
[2014-03-05 20:55:27] EDIT slugzlist/models/table.py: 0
[2014-03-05 20:55:41] EDIT slugzlist/models/table.py: 0
[2014-03-05 20:55:59] EDIT slugzlist/models/table.py: 0
[2014-03-05 20:56:56] EDIT slugzlist/models/table.py: 0
[2014-03-05 20:56:57] EDIT slugzlist/models/table.py: 0
[2014-03-05 20:57:10] EDIT slugzlist/models/table.py: 0
[2014-03-05 20:58:30] EDIT slugzlist/views/default/index.html: 1
[2014-03-05 20:58:31] EDIT slugzlist/views/default/index.html: 0
[2014-03-05 20:58:46] EDIT slugzlist/views/default/index.html: 0
[2014-03-05 20:59:06] EDIT slugzlist/views/default/index.html: 0
[2014-03-05 20:59:06] EDIT slugzlist/views/default/index.html: 0
[2014-03-05 21:26:39] EDIT slugzlist/views/default/index.html: -1
[2014-03-05 21:27:14] EDIT slugzlist/views/default/index.html: 2
[2014-03-05 21:27:16] EDIT slugzlist/views/default/index.html: 0
[2014-03-05 21:27:42] EDIT slugzlist/views/default/index.html: -1
[2014-03-05 21:27:45] EDIT slugzlist/views/default/index.html: 0
[2014-03-05 21:34:30] EDIT slugzlist/views/default/index.html: 2
[2014-03-05 21:34:55] EDIT slugzlist/views/default/index.html: 0
[2014-03-05 21:35:42] EDIT slugzlist/views/default/index.html: 1
[2014-03-05 21:36:00] EDIT slugzlist/views/default/index.html: 0
[2014-03-05 21:36:03] EDIT slugzlist/views/default/index.html: 0
[2014-03-05 21:36:20] EDIT slugzlist/views/default/index.html: 0
[2014-03-05 21:36:22] EDIT slugzlist/views/default/index.html: 0
[2014-03-05 21:36:53] EDIT slugzlist/views/default/index.html: -1
[2014-03-05 21:37:19] EDIT slugzlist/views/default/index.html: 1
[2014-03-05 21:38:02] EDIT slugzlist/views/default/index.html: 0
[2014-03-05 21:38:14] EDIT slugzlist/views/default/index.html: 0
[2014-03-05 21:38:24] EDIT slugzlist/views/default/index.html: 0
[2014-03-05 21:38:31] EDIT slugzlist/views/default/index.html: 0
[2014-03-05 21:39:45] EDIT slugzlist/views/default/index.html: 0
[2014-03-05 21:39:48] EDIT slugzlist/views/default/index.html: 0
[2014-03-05 21:40:26] EDIT slugzlist/views/default/index.html: 0
[2014-03-09 15:56:54] EDIT SlugzList/models/table.py: 0
[2014-03-09 16:02:49] DELETE SlugzList/views/default/arts_page.html: -9
[2014-03-09 16:06:10] EDIT SlugzList/controllers/default.py: -12
[2014-03-09 16:07:06] EDIT SlugzList/views/default/index.html: -2
[2014-03-09 16:09:11] EDIT SlugzList/models/table.py: 0
[2014-03-09 16:11:03] EDIT SlugzList/views/default/anthro_page.html: 1
[2014-03-09 16:11:30] EDIT SlugzList/views/default/bio_page.html: 1
[2014-03-09 16:11:46] EDIT SlugzList/views/default/bio_page.html: 0
[2014-03-09 16:11:56] EDIT SlugzList/views/default/biochem_page.html: 1
[2014-03-09 16:12:05] EDIT SlugzList/views/default/bme_page.html: 1
[2014-03-09 16:12:30] DELETE SlugzList/views/default/bme_page.html: -8
[2014-03-09 16:12:56] DELETE SlugzList/views/default/salesposting_bme.html: -3
[2014-03-09 16:13:44] EDIT SlugzList/models/table.py: -8
[2014-03-09 16:14:11] EDIT SlugzList/views/default/chem_page.html: 1
[2014-03-09 16:14:38] EDIT SlugzList/views/default/chem_page.html: 0
[2014-03-09 16:14:49] EDIT SlugzList/views/default/cs_page.html: 1
[2014-03-09 16:14:55] EDIT SlugzList/views/default/earth_page.html: 1
[2014-03-09 16:15:00] EDIT SlugzList/views/default/econ_page.html: 1
[2014-03-09 16:15:05] EDIT SlugzList/views/default/edu_page.html: 1
[2014-03-09 16:15:10] EDIT SlugzList/views/default/envs_page.html: 1
[2014-03-09 16:15:15] EDIT SlugzList/views/default/film_page.html: 1
[2014-03-09 16:15:24] EDIT SlugzList/views/default/havc_page.html: 1
[2014-03-09 16:15:29] EDIT SlugzList/views/default/hist_page.html: 1
[2014-03-09 16:15:34] EDIT SlugzList/views/default/lals_page.html: 1
[2014-03-09 16:15:38] EDIT SlugzList/views/default/ling_page.html: 1
[2014-03-09 16:15:43] EDIT SlugzList/views/default/lit_page.html: 1
[2014-03-09 16:15:47] EDIT SlugzList/views/default/marine_page.html: 1
[2014-03-09 16:15:56] EDIT SlugzList/views/default/math_page.html: 1
[2014-03-09 16:16:02] EDIT SlugzList/views/default/misc_page.html: 1
[2014-03-09 16:16:06] EDIT SlugzList/views/default/music_page.html: 1
[2014-03-09 16:16:10] EDIT SlugzList/views/default/phil_page.html: 1
[2014-03-09 16:16:13] EDIT SlugzList/views/default/physics_page.html: 1
[2014-03-09 16:16:19] EDIT SlugzList/views/default/politics_page.html: 1
[2014-03-09 16:16:27] EDIT SlugzList/views/default/psych_page.html: 1
[2014-03-09 16:16:36] EDIT SlugzList/views/default/socio_page.html: 1
[2014-03-09 16:16:40] EDIT SlugzList/views/default/tim_page.html: 1
[2014-03-09 16:16:45] EDIT SlugzList/views/default/writing_page.html: 1
[2014-03-09 16:38:27] EDIT SlugzList/models/table.py: 0
[2014-03-09 16:44:04] EDIT SlugzList/controllers/default.py: 8
[2014-03-09 16:47:12] EDIT SlugzList/controllers/default.py: 4
[2014-03-09 16:47:13] EDIT SlugzList/controllers/default.py: 0
[2014-03-09 16:55:37] EDIT SlugzList/controllers/default.py: 68
[2014-03-09 16:58:15] EDIT SlugzList/controllers/default.py: 24
[2014-03-09 16:58:15] EDIT SlugzList/controllers/default.py: 0
[2014-03-09 16:58:15] EDIT SlugzList/controllers/default.py: 0
[2014-03-09 17:02:36] EDIT SlugzList/controllers/default.py: -1
[2014-03-09 17:03:24] EDIT SlugzList/controllers/default.py: -2
[2014-03-09 17:05:38] EDIT SlugzList/controllers/default.py: -20
[2014-03-09 17:05:38] EDIT SlugzList/controllers/default.py: 0
[2014-03-09 17:51:47] EDIT SlugzList/controllers/default.py: 51
[2014-03-09 17:54:26] EDIT SlugzList/views/default/cs_page.html: 0
[2014-03-09 18:02:34] EDIT SlugzList/views/default/salesposting_cs.html: 0
[2014-03-09 18:10:20] EDIT SlugzList/models/table.py: 6
[2014-03-09 18:21:41] EDIT SlugzList/models/table.py: 156
[2014-03-09 18:23:05] EDIT SlugzList/models/table.py: 0
[2014-03-09 18:23:05] EDIT SlugzList/models/table.py: 0
[2014-03-09 18:23:05] EDIT SlugzList/models/table.py: 0
[2014-03-09 21:50:50] EDIT SlugzList/models/table.py: -6
[2014-03-09 21:52:36] EDIT SlugzList/models/table.py: 34
[2014-03-09 21:52:54] EDIT SlugzList/models/table.py: -34
[2014-03-09 21:55:34] EDIT SlugzList/models/table.py: 34
[2014-03-09 21:55:44] EDIT SlugzList/models/table.py: -34
[2014-03-09 21:58:35] EDIT SlugzList/models/table.py: 34
[2014-03-09 21:58:43] EDIT SlugzList/models/table.py: -34
[2014-03-09 22:00:06] EDIT SlugzList/models/table.py: -1
[2014-03-09 22:00:06] EDIT SlugzList/models/table.py: 0
[2014-03-09 22:00:14] EDIT SlugzList/models/table.py: 34
[2014-03-09 22:00:14] EDIT SlugzList/models/table.py: 0
[2014-03-09 22:00:17] EDIT SlugzList/models/table.py: 0
[2014-03-09 22:00:17] EDIT SlugzList/models/table.py: 0
[2014-03-09 22:00:17] EDIT SlugzList/models/table.py: 0
[2014-03-09 22:00:18] EDIT SlugzList/models/table.py: 0
[2014-03-09 22:02:10] EDIT SlugzList/models/table.py: 0
[2014-03-09 22:02:36] EDIT SlugzList/models/table.py: -34
[2014-03-09 22:03:41] EDIT SlugzList/models/table.py: 34
[2014-03-09 22:03:42] EDIT SlugzList/models/table.py: 0
[2014-03-09 22:03:42] EDIT SlugzList/models/table.py: 0
[2014-03-09 22:03:42] EDIT SlugzList/models/table.py: 0
[2014-03-09 22:03:42] EDIT SlugzList/models/table.py: 0
[2014-03-09 22:03:43] EDIT SlugzList/models/table.py: 0
[2014-03-09 22:03:43] EDIT SlugzList/models/table.py: 0
[2014-03-09 22:03:43] EDIT SlugzList/models/table.py: 0
[2014-03-09 22:03:56] EDIT SlugzList/models/table.py: -34
[2014-03-09 22:05:21] EDIT SlugzList/models/table.py: 34
[2014-03-09 22:05:23] EDIT SlugzList/models/table.py: 0
[2014-03-09 22:06:06] EDIT SlugzList/models/table.py: 0
[2014-03-09 22:06:07] EDIT SlugzList/models/table.py: 0
[2014-03-09 22:06:50] EDIT SlugzList/models/table.py: 0
[2014-03-09 22:06:52] EDIT SlugzList/models/table.py: 0
[2014-03-09 22:07:20] EDIT SlugzList/models/table.py: 0
[2014-03-09 22:07:23] EDIT SlugzList/models/table.py: 0
[2014-03-09 22:07:44] EDIT SlugzList/models/table.py: 0
[2014-03-09 22:08:02] EDIT SlugzList/models/table.py: -34
[2014-03-09 22:10:51] EDIT SlugzList/models/table.py: 45
[2014-03-09 22:13:19] EDIT SlugzList/models/table.py: 0
[2014-03-09 22:13:48] EDIT SlugzList/models/table.py: 0
[2014-03-09 22:14:37] EDIT SlugzList/models/table.py: -44
[2014-03-09 22:16:24] EDIT SlugzList/models/table.py: 44
[2014-03-09 22:16:45] EDIT SlugzList/models/table.py: -45
[2014-03-09 22:18:01] EDIT SlugzList/models/table.py: 45
[2014-03-09 22:18:50] EDIT SlugzList/models/table.py: -1
[2014-03-09 22:19:17] EDIT SlugzList/models/table.py: 0
[2014-03-09 22:19:37] EDIT SlugzList/models/table.py: -44
[2014-03-09 22:20:39] EDIT SlugzList/models/table.py: 45
[2014-03-09 22:22:02] EDIT SlugzList/models/table.py: 0
[2014-03-09 22:22:04] EDIT SlugzList/models/table.py: 0
[2014-03-09 22:22:39] EDIT SlugzList/models/table.py: 0
[2014-03-09 22:25:35] EDIT SlugzList/models/table.py: -4
[2014-03-09 22:26:03] EDIT SlugzList/models/table.py: 0
[2014-03-09 22:26:22] EDIT SlugzList/models/table.py: -41
[2014-03-09 22:33:49] EDIT SlugzList/models/table.py: 44
[2014-03-09 22:34:31] EDIT SlugzList/models/table.py: 0
[2014-03-09 22:34:33] EDIT SlugzList/models/table.py: 0
[2014-03-09 22:35:02] EDIT SlugzList/models/table.py: 0
[2014-03-09 22:35:14] EDIT SlugzList/models/table.py: 0
[2014-03-09 22:36:14] EDIT SlugzList/models/table.py: 0
[2014-03-09 22:36:59] EDIT SlugzList/models/table.py: 0
[2014-03-09 22:37:46] EDIT SlugzList/models/table.py: 0
[2014-03-09 22:37:56] EDIT SlugzList/models/table.py: 0
[2014-03-09 22:37:58] EDIT SlugzList/models/table.py: 0
[2014-03-09 22:39:05] EDIT SlugzList/models/table.py: 0
[2014-03-09 22:39:30] EDIT SlugzList/models/table.py: 0
[2014-03-09 22:40:03] EDIT SlugzList/models/table.py: 0
[2014-03-09 22:40:17] EDIT SlugzList/models/table.py: 0
[2014-03-09 22:40:41] EDIT SlugzList/models/table.py: -44
[2014-03-09 22:44:19] EDIT SlugzList/models/table.py: 42
[2014-03-09 22:44:40] EDIT SlugzList/models/table.py: -41
[2014-03-09 22:44:57] EDIT SlugzList/models/table.py: -1
[2014-03-09 22:46:30] EDIT SlugzList/models/table.py: 7
[2014-03-09 22:47:16] EDIT SlugzList/models/table.py: 0
[2014-03-09 22:48:00] EDIT SlugzList/models/table.py: 0
[2014-03-09 22:48:22] EDIT SlugzList/models/table.py: -7
[2014-03-09 22:49:27] EDIT SlugzList/models/table.py: 34
[2014-03-09 22:49:53] EDIT SlugzList/models/table.py: 0
[2014-03-09 22:50:11] EDIT SlugzList/models/table.py: -34
[2014-03-09 22:51:57] EDIT SlugzList/models/table.py: 42
[2014-03-09 22:52:16] EDIT SlugzList/models/table.py: 0
[2014-03-09 22:52:41] EDIT SlugzList/models/table.py: 0
[2014-03-09 22:53:13] EDIT SlugzList/models/table.py: -42
[2014-03-09 22:54:51] EDIT SlugzList/models/table.py: 30
[2014-03-09 22:55:18] EDIT SlugzList/models/table.py: 0
[2014-03-09 22:55:37] EDIT SlugzList/models/table.py: 0
[2014-03-09 22:56:06] EDIT SlugzList/models/table.py: 0
[2014-03-09 22:56:14] EDIT SlugzList/models/table.py: 0
[2014-03-09 22:56:41] EDIT SlugzList/models/table.py: -30
[2014-03-09 23:00:23] EDIT SlugzList/controllers/default.py: 0
[2014-03-09 23:00:23] EDIT SlugzList/controllers/default.py: 0
[2014-03-09 23:01:32] EDIT SlugzList/controllers/default.py: 0
[2014-03-09 23:01:32] EDIT SlugzList/controllers/default.py: 0
[2014-03-09 23:02:28] EDIT SlugzList/controllers/default.py: 0
[2014-03-09 23:03:49] EDIT SlugzList/controllers/default.py: 0
[2014-03-09 23:07:06] EDIT SlugzList/controllers/default.py: 0
[2014-03-09 23:09:37] EDIT SlugzList/controllers/default.py: 0
[2014-03-09 23:13:20] EDIT SlugzList/views/default/salesposting_cs.html: -3
[2014-03-09 23:15:03] EDIT SlugzList/views/default/ce_page.html: 1
[2014-03-09 23:15:54] EDIT SlugzList/views/default/salesposting_ce.html: 1
[2014-03-09 23:16:39] DELETE SlugzList/views/default/salesposting_cs.html.1: -2
[2014-03-10 00:15:12] EDIT SlugzList/controllers/default.py: 1
[2014-03-10 00:15:14] EDIT SlugzList/controllers/default.py: 0
[2014-03-10 00:16:20] EDIT SlugzList/views/default/tim_page.html: 2
[2014-03-10 00:45:09] EDIT SlugzList/controllers/default.py: 1
[2014-03-10 00:46:22] EDIT SlugzList/views/default/econ_page.html: 2
[2014-03-10 00:48:51] EDIT SlugzList/controllers/default.py: 0
[2014-03-10 00:50:39] EDIT SlugzList/controllers/default.py: 0
[2014-03-10 00:50:58] EDIT SlugzList/controllers/default.py: 0
[2014-03-10 00:51:35] EDIT SlugzList/controllers/default.py: 0
[2014-03-10 00:51:35] EDIT SlugzList/controllers/default.py: 0
[2014-03-10 00:52:07] EDIT SlugzList/controllers/default.py: 0
[2014-03-10 00:52:30] EDIT SlugzList/controllers/default.py: 0
[2014-03-10 00:53:17] EDIT SlugzList/controllers/default.py: 0
[2014-03-10 00:53:33] EDIT SlugzList/controllers/default.py: 0
[2014-03-10 00:53:50] EDIT SlugzList/controllers/default.py: 0
[2014-03-10 00:57:35] EDIT SlugzList/views/default/econ_page.html: 7
[2014-03-10 01:00:02] EDIT SlugzList/views/default/econ_page.html: 0
[2014-03-10 12:31:39] EDIT slugzlist_beta/views/default/ce_page.html: 0
[2014-03-10 12:32:15] EDIT slugzlist_beta/views/default/salesposting_ce.html: 0
[2014-03-10 12:33:27] EDIT slugzlist_beta/models/table.py: 0
[2014-03-10 12:34:07] EDIT slugzlist_beta/controllers/default.py: 0
[2014-03-10 12:38:34] EDIT slugzlist_beta/views/default/tim_page.html: 5
[2014-03-10 12:38:43] EDIT slugzlist_beta/views/default/tim_page.html: 0
[2014-03-10 12:39:43] EDIT slugzlist_beta/views/default/tim_page.html: 5
[2014-03-10 12:44:56] EDIT slugzlist_beta/views/default/econ_page.html: 2
[2014-03-10 12:45:01] EDIT slugzlist_beta/views/default/econ_page.html: 0
[2014-03-10 12:45:43] EDIT slugzlist_beta/views/default/econ_page.html: -1
[2014-03-10 12:46:20] EDIT slugzlist_beta/views/default/tim_page.html: -5
[2014-03-10 12:46:34] EDIT slugzlist_beta/views/default/tim_page.html: 1
[2014-03-10 12:46:42] EDIT slugzlist_beta/views/default/tim_page.html: 1
[2014-03-10 12:46:49] EDIT slugzlist_beta/views/default/tim_page.html: -1
[2014-03-10 12:46:52] EDIT slugzlist_beta/views/default/tim_page.html: 0
[2014-03-10 12:47:28] EDIT slugzlist_beta/views/default/tim_page.html: 0
[2014-03-10 12:48:38] EDIT slugzlist_beta/views/default/econ_page.html: 2
[2014-03-16 17:08:19] EDIT slugzlist_beta/models/db.py: 1
[2014-03-16 17:08:22] EDIT slugzlist_beta/models/db.py: 0
[2014-03-16 17:08:58] EDIT slugzlist_beta/models/db.py: 1
[2014-03-16 17:09:31] EDIT slugzlist_beta/models/db.py: 0
